<?xml version="1.0" encoding="UTF-8"?>
<!-- Generated by org.testng.reporters.JUnitXMLReporter -->
<testsuite hostname="KarthikeyanSelvaraj" failures="0" tests="8" name="AutomationProject Test" time="94.632" errors="0" timestamp="12 Sep 2021 02:28:22 GMT">
  <testcase classname="com.AutomationProject.tests.TestCases" name="TC001_ValidateErrorsOnContactScreen" time="6.065"/>
  <testcase classname="com.AutomationProject.tests.TestCases" name="TC002_ValidateSubmissionMessage" time="3.006"/>
  <testcase classname="com.AutomationProject.tests.TestCases" name="TC002_ValidateSubmissionMessage" time="3.792"/>
  <testcase classname="com.AutomationProject.tests.TestCases" name="TC002_ValidateSubmissionMessage" time="3.46"/>
  <testcase classname="com.AutomationProject.tests.TestCases" name="TC002_ValidateSubmissionMessage" time="5.852"/>
  <testcase classname="com.AutomationProject.tests.TestCases" name="TC002_ValidateSubmissionMessage" time="12.42"/>
  <testcase classname="com.AutomationProject.tests.TestCases" name="TC003_ValidatebuyProductsAndCountAtCart" time="2.646"/>
  <testcase classname="com.AutomationProject.tests.TestCases" name="TC004_ValidateSubTotalAndTotal" time="3.109"/>
</testsuite> <!-- AutomationProject Test -->
