<?xml version="1.0" encoding="UTF-8"?>
<!-- Generated by org.testng.reporters.JUnitXMLReporter -->
<testsuite ignored="0" hostname="KarthikeyanSelvaraj" failures="0" tests="8" name="AutomationProject Test" time="88.96" errors="0" timestamp="2021-09-11T19:23:15 AEST">
  <testcase classname="com.AutomationProject.tests.TestCases" name="TC001_ValidateErrorsOnContactScreen" time="2.427"/>
  <testcase classname="com.AutomationProject.tests.TestCases" name="TC002_ValidateSubmissionMessage" time="2.47"/>
  <testcase classname="com.AutomationProject.tests.TestCases" name="TC002_ValidateSubmissionMessage" time="8.318"/>
  <testcase classname="com.AutomationProject.tests.TestCases" name="TC002_ValidateSubmissionMessage" time="4.104"/>
  <testcase classname="com.AutomationProject.tests.TestCases" name="TC002_ValidateSubmissionMessage" time="4.081"/>
  <testcase classname="com.AutomationProject.tests.TestCases" name="TC002_ValidateSubmissionMessage" time="6.21"/>
  <testcase classname="com.AutomationProject.tests.TestCases" name="TC003_ValidatebuyProductsAndCountAtCart" time="3.202"/>
  <testcase classname="com.AutomationProject.tests.TestCases" name="TC004_ValidateSubTotalAndTotal" time="3.474"/>
</testsuite> <!-- AutomationProject Test -->
