<?xml version="1.0" encoding="UTF-8"?>
<testng-results total="8" passed="8" failed="0" skipped="0">
  <reporter-output>
  </reporter-output>
  <suite started-at="2021-09-12T02:26:47Z" name="AutomationProject" finished-at="2021-09-12T02:28:22Z" duration-ms="94632">
    <groups>
    </groups>
    <test started-at="2021-09-12T02:26:47Z" name="AutomationProject Test" finished-at="2021-09-12T02:28:22Z" duration-ms="94632">
      <class name="com.AutomationProject.tests.TestCases">
        <test-method is-config="true" signature="setup()[pri:0, instance:com.AutomationProject.tests.TestCases@64485a47]" started-at="2021-09-12T12:26:48Z" name="setup" finished-at="2021-09-12T12:27:03Z" duration-ms="14755" status="PASS">
          <reporter-output>
          </reporter-output>
        </test-method> <!-- setup -->
        <test-method signature="TC001_ValidateErrorsOnContactScreen()[pri:0, instance:com.AutomationProject.tests.TestCases@64485a47]" started-at="2021-09-12T12:27:03Z" name="TC001_ValidateErrorsOnContactScreen" finished-at="2021-09-12T12:27:09Z" duration-ms="6065" status="PASS">
          <reporter-output>
          </reporter-output>
        </test-method> <!-- TC001_ValidateErrorsOnContactScreen -->
        <test-method is-config="true" signature="wrapUp()[pri:0, instance:com.AutomationProject.tests.TestCases@64485a47]" started-at="2021-09-12T12:27:09Z" name="wrapUp" finished-at="2021-09-12T12:27:10Z" duration-ms="606" status="PASS">
          <reporter-output>
          </reporter-output>
        </test-method> <!-- wrapUp -->
        <test-method is-config="true" signature="setup()[pri:0, instance:com.AutomationProject.tests.TestCases@64485a47]" started-at="2021-09-12T12:27:10Z" name="setup" finished-at="2021-09-12T12:27:15Z" duration-ms="5275" status="PASS">
          <reporter-output>
          </reporter-output>
        </test-method> <!-- setup -->
        <test-method signature="TC002_ValidateSubmissionMessage()[pri:0, instance:com.AutomationProject.tests.TestCases@64485a47]" started-at="2021-09-12T12:27:15Z" name="TC002_ValidateSubmissionMessage" finished-at="2021-09-12T12:27:18Z" duration-ms="3006" status="PASS">
          <reporter-output>
          </reporter-output>
        </test-method> <!-- TC002_ValidateSubmissionMessage -->
        <test-method is-config="true" signature="wrapUp()[pri:0, instance:com.AutomationProject.tests.TestCases@64485a47]" started-at="2021-09-12T12:27:18Z" name="wrapUp" finished-at="2021-09-12T12:27:18Z" duration-ms="455" status="PASS">
          <reporter-output>
          </reporter-output>
        </test-method> <!-- wrapUp -->
        <test-method is-config="true" signature="setup()[pri:0, instance:com.AutomationProject.tests.TestCases@64485a47]" started-at="2021-09-12T12:27:18Z" name="setup" finished-at="2021-09-12T12:27:24Z" duration-ms="5754" status="PASS">
          <reporter-output>
          </reporter-output>
        </test-method> <!-- setup -->
        <test-method signature="TC002_ValidateSubmissionMessage()[pri:0, instance:com.AutomationProject.tests.TestCases@64485a47]" started-at="2021-09-12T12:27:24Z" name="TC002_ValidateSubmissionMessage" finished-at="2021-09-12T12:27:28Z" duration-ms="3792" status="PASS">
          <reporter-output>
          </reporter-output>
        </test-method> <!-- TC002_ValidateSubmissionMessage -->
        <test-method is-config="true" signature="wrapUp()[pri:0, instance:com.AutomationProject.tests.TestCases@64485a47]" started-at="2021-09-12T12:27:28Z" name="wrapUp" finished-at="2021-09-12T12:27:28Z" duration-ms="327" status="PASS">
          <reporter-output>
          </reporter-output>
        </test-method> <!-- wrapUp -->
        <test-method is-config="true" signature="setup()[pri:0, instance:com.AutomationProject.tests.TestCases@64485a47]" started-at="2021-09-12T12:27:28Z" name="setup" finished-at="2021-09-12T12:27:33Z" duration-ms="4700" status="PASS">
          <reporter-output>
          </reporter-output>
        </test-method> <!-- setup -->
        <test-method signature="TC002_ValidateSubmissionMessage()[pri:0, instance:com.AutomationProject.tests.TestCases@64485a47]" started-at="2021-09-12T12:27:33Z" name="TC002_ValidateSubmissionMessage" finished-at="2021-09-12T12:27:36Z" duration-ms="3460" status="PASS">
          <reporter-output>
          </reporter-output>
        </test-method> <!-- TC002_ValidateSubmissionMessage -->
        <test-method is-config="true" signature="wrapUp()[pri:0, instance:com.AutomationProject.tests.TestCases@64485a47]" started-at="2021-09-12T12:27:36Z" name="wrapUp" finished-at="2021-09-12T12:27:37Z" duration-ms="469" status="PASS">
          <reporter-output>
          </reporter-output>
        </test-method> <!-- wrapUp -->
        <test-method is-config="true" signature="setup()[pri:0, instance:com.AutomationProject.tests.TestCases@64485a47]" started-at="2021-09-12T12:27:37Z" name="setup" finished-at="2021-09-12T12:27:42Z" duration-ms="5001" status="PASS">
          <reporter-output>
          </reporter-output>
        </test-method> <!-- setup -->
        <test-method signature="TC002_ValidateSubmissionMessage()[pri:0, instance:com.AutomationProject.tests.TestCases@64485a47]" started-at="2021-09-12T12:27:42Z" name="TC002_ValidateSubmissionMessage" finished-at="2021-09-12T12:27:48Z" duration-ms="5852" status="PASS">
          <reporter-output>
          </reporter-output>
        </test-method> <!-- TC002_ValidateSubmissionMessage -->
        <test-method is-config="true" signature="wrapUp()[pri:0, instance:com.AutomationProject.tests.TestCases@64485a47]" started-at="2021-09-12T12:27:48Z" name="wrapUp" finished-at="2021-09-12T12:27:48Z" duration-ms="374" status="PASS">
          <reporter-output>
          </reporter-output>
        </test-method> <!-- wrapUp -->
        <test-method is-config="true" signature="setup()[pri:0, instance:com.AutomationProject.tests.TestCases@64485a47]" started-at="2021-09-12T12:27:48Z" name="setup" finished-at="2021-09-12T12:27:52Z" duration-ms="3938" status="PASS">
          <reporter-output>
          </reporter-output>
        </test-method> <!-- setup -->
        <test-method signature="TC002_ValidateSubmissionMessage()[pri:0, instance:com.AutomationProject.tests.TestCases@64485a47]" started-at="2021-09-12T12:27:52Z" name="TC002_ValidateSubmissionMessage" finished-at="2021-09-12T12:28:04Z" duration-ms="12420" status="PASS">
          <reporter-output>
          </reporter-output>
        </test-method> <!-- TC002_ValidateSubmissionMessage -->
        <test-method is-config="true" signature="wrapUp()[pri:0, instance:com.AutomationProject.tests.TestCases@64485a47]" started-at="2021-09-12T12:28:04Z" name="wrapUp" finished-at="2021-09-12T12:28:05Z" duration-ms="579" status="PASS">
          <reporter-output>
          </reporter-output>
        </test-method> <!-- wrapUp -->
        <test-method is-config="true" signature="setup()[pri:0, instance:com.AutomationProject.tests.TestCases@64485a47]" started-at="2021-09-12T12:28:05Z" name="setup" finished-at="2021-09-12T12:28:10Z" duration-ms="4986" status="PASS">
          <reporter-output>
          </reporter-output>
        </test-method> <!-- setup -->
        <test-method signature="TC003_ValidatebuyProductsAndCountAtCart()[pri:0, instance:com.AutomationProject.tests.TestCases@64485a47]" started-at="2021-09-12T12:28:10Z" name="TC003_ValidatebuyProductsAndCountAtCart" finished-at="2021-09-12T12:28:13Z" duration-ms="2646" status="PASS">
          <reporter-output>
          </reporter-output>
        </test-method> <!-- TC003_ValidatebuyProductsAndCountAtCart -->
        <test-method is-config="true" signature="wrapUp()[pri:0, instance:com.AutomationProject.tests.TestCases@64485a47]" started-at="2021-09-12T12:28:13Z" name="wrapUp" finished-at="2021-09-12T12:28:13Z" duration-ms="504" status="PASS">
          <reporter-output>
          </reporter-output>
        </test-method> <!-- wrapUp -->
        <test-method is-config="true" signature="setup()[pri:0, instance:com.AutomationProject.tests.TestCases@64485a47]" started-at="2021-09-12T12:28:13Z" name="setup" finished-at="2021-09-12T12:28:18Z" duration-ms="4967" status="PASS">
          <reporter-output>
          </reporter-output>
        </test-method> <!-- setup -->
        <test-method signature="TC004_ValidateSubTotalAndTotal()[pri:0, instance:com.AutomationProject.tests.TestCases@64485a47]" started-at="2021-09-12T12:28:18Z" name="TC004_ValidateSubTotalAndTotal" finished-at="2021-09-12T12:28:21Z" duration-ms="3109" status="PASS">
          <reporter-output>
          </reporter-output>
        </test-method> <!-- TC004_ValidateSubTotalAndTotal -->
        <test-method is-config="true" signature="wrapUp()[pri:0, instance:com.AutomationProject.tests.TestCases@64485a47]" started-at="2021-09-12T12:28:21Z" name="wrapUp" finished-at="2021-09-12T12:28:22Z" duration-ms="552" status="PASS">
          <reporter-output>
          </reporter-output>
        </test-method> <!-- wrapUp -->
      </class> <!-- com.AutomationProject.tests.TestCases -->
    </test> <!-- AutomationProject Test -->
  </suite> <!-- AutomationProject -->
</testng-results>
