<?xml version="1.0" encoding="UTF-8"?>
<testng-results ignored="0" total="8" passed="8" failed="0" skipped="0">
  <reporter-output>
  </reporter-output>
  <suite started-at="2021-09-11T21:55:11 AEST" name="AutomationProject" finished-at="2021-09-11T21:57:44 AEST" duration-ms="153150">
    <groups>
    </groups>
    <test started-at="2021-09-11T21:55:11 AEST" name="AutomationProject Test" finished-at="2021-09-11T21:57:44 AEST" duration-ms="153150">
      <class name="com.AutomationProject.tests.TestCases">
        <test-method is-config="true" signature="setup()[pri:0, instance:com.AutomationProject.tests.TestCases@3c419631]" started-at="2021-09-11T21:55:12 AEST" name="setup" finished-at="2021-09-11T21:55:52 AEST" duration-ms="40128" status="PASS">
          <reporter-output>
          </reporter-output>
        </test-method> <!-- setup -->
        <test-method signature="TC001_ValidateErrorsOnContactScreen()[pri:0, instance:com.AutomationProject.tests.TestCases@3c419631]" started-at="2021-09-11T21:55:52 AEST" name="TC001_ValidateErrorsOnContactScreen" finished-at="2021-09-11T21:55:56 AEST" duration-ms="4194" status="PASS">
          <reporter-output>
          </reporter-output>
        </test-method> <!-- TC001_ValidateErrorsOnContactScreen -->
        <test-method is-config="true" signature="wrapUp()[pri:0, instance:com.AutomationProject.tests.TestCases@3c419631]" started-at="2021-09-11T21:55:56 AEST" name="wrapUp" finished-at="2021-09-11T21:55:57 AEST" duration-ms="721" status="PASS">
          <reporter-output>
          </reporter-output>
        </test-method> <!-- wrapUp -->
        <test-method is-config="true" signature="setup()[pri:0, instance:com.AutomationProject.tests.TestCases@3c419631]" started-at="2021-09-11T21:55:57 AEST" name="setup" finished-at="2021-09-11T21:56:04 AEST" duration-ms="7550" status="PASS">
          <reporter-output>
          </reporter-output>
        </test-method> <!-- setup -->
        <test-method signature="TC002_ValidateSubmissionMessage()[pri:0, instance:com.AutomationProject.tests.TestCases@3c419631]" started-at="2021-09-11T21:56:04 AEST" name="TC002_ValidateSubmissionMessage" finished-at="2021-09-11T21:56:08 AEST" duration-ms="3238" status="PASS">
          <reporter-output>
          </reporter-output>
        </test-method> <!-- TC002_ValidateSubmissionMessage -->
        <test-method is-config="true" signature="wrapUp()[pri:0, instance:com.AutomationProject.tests.TestCases@3c419631]" started-at="2021-09-11T21:56:08 AEST" name="wrapUp" finished-at="2021-09-11T21:56:08 AEST" duration-ms="578" status="PASS">
          <reporter-output>
          </reporter-output>
        </test-method> <!-- wrapUp -->
        <test-method is-config="true" signature="setup()[pri:0, instance:com.AutomationProject.tests.TestCases@3c419631]" started-at="2021-09-11T21:56:08 AEST" name="setup" finished-at="2021-09-11T21:56:15 AEST" duration-ms="7056" status="PASS">
          <reporter-output>
          </reporter-output>
        </test-method> <!-- setup -->
        <test-method signature="TC002_ValidateSubmissionMessage()[pri:0, instance:com.AutomationProject.tests.TestCases@3c419631]" started-at="2021-09-11T21:56:15 AEST" name="TC002_ValidateSubmissionMessage" finished-at="2021-09-11T21:56:18 AEST" duration-ms="2654" status="PASS">
          <reporter-output>
          </reporter-output>
        </test-method> <!-- TC002_ValidateSubmissionMessage -->
        <test-method is-config="true" signature="wrapUp()[pri:0, instance:com.AutomationProject.tests.TestCases@3c419631]" started-at="2021-09-11T21:56:18 AEST" name="wrapUp" finished-at="2021-09-11T21:56:18 AEST" duration-ms="361" status="PASS">
          <reporter-output>
          </reporter-output>
        </test-method> <!-- wrapUp -->
        <test-method is-config="true" signature="setup()[pri:0, instance:com.AutomationProject.tests.TestCases@3c419631]" started-at="2021-09-11T21:56:18 AEST" name="setup" finished-at="2021-09-11T21:56:29 AEST" duration-ms="10854" status="PASS">
          <reporter-output>
          </reporter-output>
        </test-method> <!-- setup -->
        <test-method signature="TC002_ValidateSubmissionMessage()[pri:0, instance:com.AutomationProject.tests.TestCases@3c419631]" started-at="2021-09-11T21:56:29 AEST" name="TC002_ValidateSubmissionMessage" finished-at="2021-09-11T21:56:36 AEST" duration-ms="7188" status="PASS">
          <reporter-output>
          </reporter-output>
        </test-method> <!-- TC002_ValidateSubmissionMessage -->
        <test-method is-config="true" signature="wrapUp()[pri:0, instance:com.AutomationProject.tests.TestCases@3c419631]" started-at="2021-09-11T21:56:36 AEST" name="wrapUp" finished-at="2021-09-11T21:56:37 AEST" duration-ms="600" status="PASS">
          <reporter-output>
          </reporter-output>
        </test-method> <!-- wrapUp -->
        <test-method is-config="true" signature="setup()[pri:0, instance:com.AutomationProject.tests.TestCases@3c419631]" started-at="2021-09-11T21:56:37 AEST" name="setup" finished-at="2021-09-11T21:56:45 AEST" duration-ms="7836" status="PASS">
          <reporter-output>
          </reporter-output>
        </test-method> <!-- setup -->
        <test-method signature="TC002_ValidateSubmissionMessage()[pri:0, instance:com.AutomationProject.tests.TestCases@3c419631]" started-at="2021-09-11T21:56:45 AEST" name="TC002_ValidateSubmissionMessage" finished-at="2021-09-11T21:56:54 AEST" duration-ms="8830" status="PASS">
          <reporter-output>
          </reporter-output>
        </test-method> <!-- TC002_ValidateSubmissionMessage -->
        <test-method is-config="true" signature="wrapUp()[pri:0, instance:com.AutomationProject.tests.TestCases@3c419631]" started-at="2021-09-11T21:56:54 AEST" name="wrapUp" finished-at="2021-09-11T21:56:54 AEST" duration-ms="404" status="PASS">
          <reporter-output>
          </reporter-output>
        </test-method> <!-- wrapUp -->
        <test-method is-config="true" signature="setup()[pri:0, instance:com.AutomationProject.tests.TestCases@3c419631]" started-at="2021-09-11T21:56:54 AEST" name="setup" finished-at="2021-09-11T21:57:02 AEST" duration-ms="8150" status="PASS">
          <reporter-output>
          </reporter-output>
        </test-method> <!-- setup -->
        <test-method signature="TC002_ValidateSubmissionMessage()[pri:0, instance:com.AutomationProject.tests.TestCases@3c419631]" started-at="2021-09-11T21:57:02 AEST" name="TC002_ValidateSubmissionMessage" finished-at="2021-09-11T21:57:11 AEST" duration-ms="8703" status="PASS">
          <reporter-output>
          </reporter-output>
        </test-method> <!-- TC002_ValidateSubmissionMessage -->
        <test-method is-config="true" signature="wrapUp()[pri:0, instance:com.AutomationProject.tests.TestCases@3c419631]" started-at="2021-09-11T21:57:11 AEST" name="wrapUp" finished-at="2021-09-11T21:57:12 AEST" duration-ms="627" status="PASS">
          <reporter-output>
          </reporter-output>
        </test-method> <!-- wrapUp -->
        <test-method is-config="true" signature="setup()[pri:0, instance:com.AutomationProject.tests.TestCases@3c419631]" started-at="2021-09-11T21:57:12 AEST" name="setup" finished-at="2021-09-11T21:57:29 AEST" duration-ms="17747" status="PASS">
          <reporter-output>
          </reporter-output>
        </test-method> <!-- setup -->
        <test-method signature="TC003_ValidatebuyProductsAndCountAtCart()[pri:0, instance:com.AutomationProject.tests.TestCases@3c419631]" started-at="2021-09-11T21:57:29 AEST" name="TC003_ValidatebuyProductsAndCountAtCart" finished-at="2021-09-11T21:57:32 AEST" duration-ms="3160" status="PASS">
          <reporter-output>
          </reporter-output>
        </test-method> <!-- TC003_ValidatebuyProductsAndCountAtCart -->
        <test-method is-config="true" signature="wrapUp()[pri:0, instance:com.AutomationProject.tests.TestCases@3c419631]" started-at="2021-09-11T21:57:32 AEST" name="wrapUp" finished-at="2021-09-11T21:57:33 AEST" duration-ms="392" status="PASS">
          <reporter-output>
          </reporter-output>
        </test-method> <!-- wrapUp -->
        <test-method is-config="true" signature="setup()[pri:0, instance:com.AutomationProject.tests.TestCases@3c419631]" started-at="2021-09-11T21:57:33 AEST" name="setup" finished-at="2021-09-11T21:57:40 AEST" duration-ms="7166" status="PASS">
          <reporter-output>
          </reporter-output>
        </test-method> <!-- setup -->
        <test-method signature="TC004_ValidateSubTotalAndTotal()[pri:0, instance:com.AutomationProject.tests.TestCases@3c419631]" started-at="2021-09-11T21:57:40 AEST" name="TC004_ValidateSubTotalAndTotal" finished-at="2021-09-11T21:57:44 AEST" duration-ms="3758" status="PASS">
          <reporter-output>
          </reporter-output>
        </test-method> <!-- TC004_ValidateSubTotalAndTotal -->
        <test-method is-config="true" signature="wrapUp()[pri:0, instance:com.AutomationProject.tests.TestCases@3c419631]" started-at="2021-09-11T21:57:44 AEST" name="wrapUp" finished-at="2021-09-11T21:57:44 AEST" duration-ms="411" status="PASS">
          <reporter-output>
          </reporter-output>
        </test-method> <!-- wrapUp -->
      </class> <!-- com.AutomationProject.tests.TestCases -->
    </test> <!-- AutomationProject Test -->
  </suite> <!-- AutomationProject -->
</testng-results>
