<?xml version="1.0" encoding="UTF-8"?>
<testng-results ignored="0" total="8" passed="8" failed="0" skipped="0">
  <reporter-output>
  </reporter-output>
  <suite started-at="2021-09-11T19:21:46 AEST" name="AutomationProject" finished-at="2021-09-11T19:23:15 AEST" duration-ms="88960">
    <groups>
    </groups>
    <test started-at="2021-09-11T19:21:46 AEST" name="AutomationProject Test" finished-at="2021-09-11T19:23:15 AEST" duration-ms="88960">
      <class name="com.AutomationProject.tests.TestCases">
        <test-method is-config="true" signature="setup()[pri:0, instance:com.AutomationProject.tests.TestCases@3c419631]" started-at="2021-09-11T19:21:47 AEST" name="setup" finished-at="2021-09-11T19:21:52 AEST" duration-ms="5000" status="PASS">
          <reporter-output>
          </reporter-output>
        </test-method> <!-- setup -->
        <test-method signature="TC001_ValidateErrorsOnContactScreen()[pri:0, instance:com.AutomationProject.tests.TestCases@3c419631]" started-at="2021-09-11T19:21:52 AEST" name="TC001_ValidateErrorsOnContactScreen" finished-at="2021-09-11T19:21:54 AEST" duration-ms="2427" status="PASS">
          <reporter-output>
          </reporter-output>
        </test-method> <!-- TC001_ValidateErrorsOnContactScreen -->
        <test-method is-config="true" signature="wrapUp()[pri:0, instance:com.AutomationProject.tests.TestCases@3c419631]" started-at="2021-09-11T19:21:54 AEST" name="wrapUp" finished-at="2021-09-11T19:21:54 AEST" duration-ms="400" status="PASS">
          <reporter-output>
          </reporter-output>
        </test-method> <!-- wrapUp -->
        <test-method is-config="true" signature="setup()[pri:0, instance:com.AutomationProject.tests.TestCases@3c419631]" started-at="2021-09-11T19:21:54 AEST" name="setup" finished-at="2021-09-11T19:22:00 AEST" duration-ms="5144" status="PASS">
          <reporter-output>
          </reporter-output>
        </test-method> <!-- setup -->
        <test-method signature="TC002_ValidateSubmissionMessage()[pri:0, instance:com.AutomationProject.tests.TestCases@3c419631]" started-at="2021-09-11T19:22:00 AEST" name="TC002_ValidateSubmissionMessage" finished-at="2021-09-11T19:22:02 AEST" duration-ms="2470" status="PASS">
          <reporter-output>
          </reporter-output>
        </test-method> <!-- TC002_ValidateSubmissionMessage -->
        <test-method is-config="true" signature="wrapUp()[pri:0, instance:com.AutomationProject.tests.TestCases@3c419631]" started-at="2021-09-11T19:22:02 AEST" name="wrapUp" finished-at="2021-09-11T19:22:02 AEST" duration-ms="423" status="PASS">
          <reporter-output>
          </reporter-output>
        </test-method> <!-- wrapUp -->
        <test-method is-config="true" signature="setup()[pri:0, instance:com.AutomationProject.tests.TestCases@3c419631]" started-at="2021-09-11T19:22:02 AEST" name="setup" finished-at="2021-09-11T19:22:07 AEST" duration-ms="4608" status="PASS">
          <reporter-output>
          </reporter-output>
        </test-method> <!-- setup -->
        <test-method signature="TC002_ValidateSubmissionMessage()[pri:0, instance:com.AutomationProject.tests.TestCases@3c419631]" started-at="2021-09-11T19:22:07 AEST" name="TC002_ValidateSubmissionMessage" finished-at="2021-09-11T19:22:15 AEST" duration-ms="8318" status="PASS">
          <reporter-output>
          </reporter-output>
        </test-method> <!-- TC002_ValidateSubmissionMessage -->
        <test-method is-config="true" signature="wrapUp()[pri:0, instance:com.AutomationProject.tests.TestCases@3c419631]" started-at="2021-09-11T19:22:15 AEST" name="wrapUp" finished-at="2021-09-11T19:22:16 AEST" duration-ms="436" status="PASS">
          <reporter-output>
          </reporter-output>
        </test-method> <!-- wrapUp -->
        <test-method is-config="true" signature="setup()[pri:0, instance:com.AutomationProject.tests.TestCases@3c419631]" started-at="2021-09-11T19:22:16 AEST" name="setup" finished-at="2021-09-11T19:22:20 AEST" duration-ms="4265" status="PASS">
          <reporter-output>
          </reporter-output>
        </test-method> <!-- setup -->
        <test-method signature="TC002_ValidateSubmissionMessage()[pri:0, instance:com.AutomationProject.tests.TestCases@3c419631]" started-at="2021-09-11T19:22:20 AEST" name="TC002_ValidateSubmissionMessage" finished-at="2021-09-11T19:22:24 AEST" duration-ms="4104" status="PASS">
          <reporter-output>
          </reporter-output>
        </test-method> <!-- TC002_ValidateSubmissionMessage -->
        <test-method is-config="true" signature="wrapUp()[pri:0, instance:com.AutomationProject.tests.TestCases@3c419631]" started-at="2021-09-11T19:22:24 AEST" name="wrapUp" finished-at="2021-09-11T19:22:25 AEST" duration-ms="339" status="PASS">
          <reporter-output>
          </reporter-output>
        </test-method> <!-- wrapUp -->
        <test-method is-config="true" signature="setup()[pri:0, instance:com.AutomationProject.tests.TestCases@3c419631]" started-at="2021-09-11T19:22:25 AEST" name="setup" finished-at="2021-09-11T19:22:29 AEST" duration-ms="4570" status="PASS">
          <reporter-output>
          </reporter-output>
        </test-method> <!-- setup -->
        <test-method signature="TC002_ValidateSubmissionMessage()[pri:0, instance:com.AutomationProject.tests.TestCases@3c419631]" started-at="2021-09-11T19:22:29 AEST" name="TC002_ValidateSubmissionMessage" finished-at="2021-09-11T19:22:33 AEST" duration-ms="4081" status="PASS">
          <reporter-output>
          </reporter-output>
        </test-method> <!-- TC002_ValidateSubmissionMessage -->
        <test-method is-config="true" signature="wrapUp()[pri:0, instance:com.AutomationProject.tests.TestCases@3c419631]" started-at="2021-09-11T19:22:33 AEST" name="wrapUp" finished-at="2021-09-11T19:22:34 AEST" duration-ms="530" status="PASS">
          <reporter-output>
          </reporter-output>
        </test-method> <!-- wrapUp -->
        <test-method is-config="true" signature="setup()[pri:0, instance:com.AutomationProject.tests.TestCases@3c419631]" started-at="2021-09-11T19:22:34 AEST" name="setup" finished-at="2021-09-11T19:22:39 AEST" duration-ms="5283" status="PASS">
          <reporter-output>
          </reporter-output>
        </test-method> <!-- setup -->
        <test-method signature="TC002_ValidateSubmissionMessage()[pri:0, instance:com.AutomationProject.tests.TestCases@3c419631]" started-at="2021-09-11T19:22:39 AEST" name="TC002_ValidateSubmissionMessage" finished-at="2021-09-11T19:22:45 AEST" duration-ms="6210" status="PASS">
          <reporter-output>
          </reporter-output>
        </test-method> <!-- TC002_ValidateSubmissionMessage -->
        <test-method is-config="true" signature="wrapUp()[pri:0, instance:com.AutomationProject.tests.TestCases@3c419631]" started-at="2021-09-11T19:22:45 AEST" name="wrapUp" finished-at="2021-09-11T19:22:46 AEST" duration-ms="581" status="PASS">
          <reporter-output>
          </reporter-output>
        </test-method> <!-- wrapUp -->
        <test-method is-config="true" signature="setup()[pri:0, instance:com.AutomationProject.tests.TestCases@3c419631]" started-at="2021-09-11T19:22:46 AEST" name="setup" finished-at="2021-09-11T19:22:52 AEST" duration-ms="6494" status="PASS">
          <reporter-output>
          </reporter-output>
        </test-method> <!-- setup -->
        <test-method signature="TC003_ValidatebuyProductsAndCountAtCart()[pri:0, instance:com.AutomationProject.tests.TestCases@3c419631]" started-at="2021-09-11T19:22:52 AEST" name="TC003_ValidatebuyProductsAndCountAtCart" finished-at="2021-09-11T19:22:56 AEST" duration-ms="3202" status="PASS">
          <reporter-output>
          </reporter-output>
        </test-method> <!-- TC003_ValidatebuyProductsAndCountAtCart -->
        <test-method is-config="true" signature="wrapUp()[pri:0, instance:com.AutomationProject.tests.TestCases@3c419631]" started-at="2021-09-11T19:22:56 AEST" name="wrapUp" finished-at="2021-09-11T19:23:03 AEST" duration-ms="7030" status="PASS">
          <reporter-output>
          </reporter-output>
        </test-method> <!-- wrapUp -->
        <test-method is-config="true" signature="setup()[pri:0, instance:com.AutomationProject.tests.TestCases@3c419631]" started-at="2021-09-11T19:23:03 AEST" name="setup" finished-at="2021-09-11T19:23:11 AEST" duration-ms="8773" status="PASS">
          <reporter-output>
          </reporter-output>
        </test-method> <!-- setup -->
        <test-method signature="TC004_ValidateSubTotalAndTotal()[pri:0, instance:com.AutomationProject.tests.TestCases@3c419631]" started-at="2021-09-11T19:23:11 AEST" name="TC004_ValidateSubTotalAndTotal" finished-at="2021-09-11T19:23:15 AEST" duration-ms="3474" status="PASS">
          <reporter-output>
          </reporter-output>
        </test-method> <!-- TC004_ValidateSubTotalAndTotal -->
        <test-method is-config="true" signature="wrapUp()[pri:0, instance:com.AutomationProject.tests.TestCases@3c419631]" started-at="2021-09-11T19:23:15 AEST" name="wrapUp" finished-at="2021-09-11T19:23:15 AEST" duration-ms="373" status="PASS">
          <reporter-output>
          </reporter-output>
        </test-method> <!-- wrapUp -->
      </class> <!-- com.AutomationProject.tests.TestCases -->
    </test> <!-- AutomationProject Test -->
  </suite> <!-- AutomationProject -->
</testng-results>
